SF:lib\main.dart
DA:110,0
DA:113,2
DA:115,1
DA:117,1
DA:118,0
DA:119,1
DA:121,1
DA:126,1
DA:127,1
DA:128,0
DA:129,0
DA:131,0
DA:132,0
DA:133,0
DA:134,0
DA:135,0
DA:137,0
DA:138,0
DA:139,0
DA:140,0
DA:141,0
DA:142,0
DA:143,0
DA:144,0
DA:145,0
DA:146,0
DA:147,0
DA:148,0
DA:150,0
DA:151,0
DA:152,0
DA:153,0
DA:154,0
DA:155,0
DA:157,0
DA:158,0
DA:159,0
DA:160,0
DA:161,0
DA:162,0
DA:164,0
DA:165,0
DA:166,0
DA:167,0
DA:168,0
DA:169,0
DA:171,0
DA:172,0
DA:173,0
DA:174,0
DA:175,0
DA:176,0
DA:178,0
DA:179,0
DA:180,0
DA:181,0
DA:182,0
DA:183,0
DA:185,0
DA:186,0
DA:187,0
DA:188,0
DA:189,0
DA:190,0
DA:192,0
DA:193,0
DA:194,0
DA:195,0
DA:196,0
DA:197,0
DA:199,0
DA:200,0
DA:201,0
DA:202,0
DA:203,0
DA:204,0
DA:206,0
DA:207,0
DA:208,0
DA:209,0
DA:210,0
DA:211,0
DA:213,0
DA:214,0
DA:215,0
DA:216,0
DA:217,0
DA:218,0
DA:220,0
DA:221,0
DA:222,0
DA:223,0
DA:224,0
DA:225,0
DA:227,0
DA:228,0
DA:229,0
DA:230,0
DA:231,0
DA:232,0
LF:100
LH:7
end_of_record
SF:lib\screens\home_screen.dart
DA:4,1
DA:6,1
DA:8,1
DA:9,1
DA:10,1
DA:11,1
DA:13,1
DA:14,1
DA:19,1
DA:20,0
DA:21,0
DA:23,1
DA:24,1
DA:25,1
DA:31,1
DA:32,0
DA:33,0
DA:35,1
DA:36,1
DA:37,1
LF:20
LH:16
end_of_record
SF:lib\screens\login_screen.dart
DA:4,1
DA:6,0
DA:8,0
DA:10,0
DA:11,0
DA:12,0
DA:14,0
DA:24,0
DA:26,0
DA:27,0
DA:29,0
DA:30,0
DA:37,0
DA:39,0
DA:41,0
DA:43,0
DA:44,0
DA:51,0
DA:52,0
DA:54,0
DA:56,0
DA:57,0
DA:58,0
LF:23
LH:1
end_of_record
SF:lib\screens\register_screen.dart
DA:4,1
DA:6,0
DA:8,0
DA:10,0
DA:11,0
DA:12,0
DA:14,0
DA:24,0
DA:26,0
DA:27,0
DA:29,0
DA:30,0
DA:37,0
DA:39,0
DA:40,0
DA:42,0
DA:43,0
DA:50,0
DA:52,0
DA:53,0
DA:55,0
DA:56,0
DA:63,0
DA:65,0
DA:67,0
DA:69,0
DA:70,0
DA:77,0
DA:79,0
DA:81,0
DA:83,0
DA:84,0
DA:91,0
DA:92,0
DA:93,0
DA:96,0
DA:97,0
DA:98,0
LF:38
LH:1
end_of_record
SF:lib\screens\home_page.dart
DA:4,1
DA:6,0
DA:8,0
DA:9,0
DA:10,0
DA:11,0
DA:12,0
DA:14,0
DA:15,0
DA:17,0
DA:18,0
DA:23,0
DA:24,0
DA:25,0
DA:30,0
DA:31,0
DA:32,0
DA:37,0
DA:38,0
DA:39,0
DA:46,0
DA:48,0
DA:49,0
LF:23
LH:1
end_of_record
SF:lib\screens\offers_screen.dart
DA:4,1
DA:6,0
DA:8,0
DA:9,0
DA:10,0
DA:13,0
LF:6
LH:1
end_of_record
SF:lib\screens\supermarkets_screen.dart
DA:4,1
DA:6,0
DA:8,0
DA:9,0
DA:14,0
DA:19,0
DA:24,0
DA:29,0
DA:34,0
DA:39,0
DA:44,0
DA:49,0
DA:54,0
DA:59,0
DA:64,0
DA:71,0
DA:72,0
DA:73,0
DA:76,0
DA:79,0
DA:80,0
DA:87,0
DA:88,0
DA:89,0
DA:90,0
DA:92,0
DA:94,0
DA:96,0
DA:97,0
DA:99,0
DA:101,0
DA:102,0
DA:103,0
DA:105,0
DA:106,0
DA:112,0
DA:113,0
LF:37
LH:1
end_of_record
SF:lib\screens\cart_screen.dart
DA:7,1
DA:9,0
DA:11,0
DA:13,0
DA:14,0
DA:15,0
DA:18,0
DA:25,0
DA:26,0
DA:27,0
DA:28,0
DA:29,0
DA:30,0
DA:31,0
DA:32,0
DA:33,0
DA:34,0
DA:39,0
DA:40,0
DA:41,0
DA:43,0
DA:44,0
DA:51,0
DA:53,0
DA:54,0
DA:57,0
DA:58,0
DA:65,0
LF:28
LH:1
end_of_record
SF:lib\screens\profile_screen.dart
DA:4,1
DA:6,0
DA:8,0
DA:9,0
LF:4
LH:1
end_of_record
SF:lib\providers\cart_provider.dart
DA:7,0
DA:9,0
DA:11,0
DA:12,0
DA:13,0
DA:16,0
DA:17,0
DA:18,0
DA:21,0
DA:22,0
DA:23,0
LF:11
LH:0
end_of_record
SF:lib\screens2\supermercado1_screen.dart
DA:4,1
DA:15,0
DA:17,0
DA:18,0
DA:22,0
DA:30,0
DA:31,0
DA:32,0
DA:33,0
DA:34,0
DA:35,0
DA:37,0
DA:38,0
DA:39,0
DA:52,0
DA:58,0
DA:60,0
DA:61,0
DA:62,0
DA:64,0
DA:65,0
DA:66,0
DA:69,0
DA:72,0
DA:73,0
DA:74,0
LF:26
LH:1
end_of_record
SF:lib\screens2\supermercado2_screen.dart
DA:4,1
DA:15,0
DA:17,0
DA:18,0
DA:22,0
DA:30,0
DA:31,0
DA:32,0
DA:33,0
DA:34,0
DA:35,0
DA:37,0
DA:38,0
DA:39,0
DA:52,0
DA:58,0
DA:60,0
DA:61,0
DA:62,0
DA:64,0
DA:65,0
DA:66,0
DA:69,0
DA:72,0
DA:73,0
DA:74,0
LF:26
LH:1
end_of_record
SF:lib\screens2\supermercado3_screen.dart
DA:4,1
DA:15,0
DA:17,0
DA:18,0
DA:22,0
DA:30,0
DA:31,0
DA:32,0
DA:33,0
DA:34,0
DA:35,0
DA:37,0
DA:38,0
DA:39,0
DA:52,0
DA:58,0
DA:60,0
DA:61,0
DA:62,0
DA:64,0
DA:65,0
DA:66,0
DA:69,0
DA:72,0
DA:73,0
DA:74,0
LF:26
LH:1
end_of_record
SF:lib\screens2\supermercado4_screen.dart
DA:4,1
DA:15,0
DA:17,0
DA:18,0
DA:22,0
DA:30,0
DA:31,0
DA:32,0
DA:33,0
DA:34,0
DA:35,0
DA:37,0
DA:38,0
DA:39,0
DA:52,0
DA:58,0
DA:60,0
DA:61,0
DA:62,0
DA:64,0
DA:65,0
DA:66,0
DA:69,0
DA:72,0
DA:73,0
DA:74,0
LF:26
LH:1
end_of_record
SF:lib\screens2\supermercado5_screen.dart
DA:4,1
DA:15,0
DA:17,0
DA:18,0
DA:22,0
DA:30,0
DA:31,0
DA:32,0
DA:33,0
DA:34,0
DA:35,0
DA:37,0
DA:38,0
DA:39,0
DA:52,0
DA:58,0
DA:60,0
DA:61,0
DA:62,0
DA:64,0
DA:65,0
DA:66,0
DA:69,0
DA:72,0
DA:73,0
DA:74,0
LF:26
LH:1
end_of_record
SF:lib\screens2\supermercado6_screen.dart
DA:4,1
DA:15,0
DA:17,0
DA:18,0
DA:22,0
DA:30,0
DA:31,0
DA:32,0
DA:33,0
DA:34,0
DA:35,0
DA:37,0
DA:38,0
DA:39,0
DA:52,0
DA:58,0
DA:60,0
DA:61,0
DA:62,0
DA:64,0
DA:65,0
DA:66,0
DA:69,0
DA:72,0
DA:73,0
DA:74,0
LF:26
LH:1
end_of_record
SF:lib\screens2\supermercado7_screen.dart
DA:4,1
DA:15,0
DA:17,0
DA:18,0
DA:22,0
DA:30,0
DA:31,0
DA:32,0
DA:33,0
DA:34,0
DA:35,0
DA:37,0
DA:38,0
DA:39,0
DA:52,0
DA:58,0
DA:60,0
DA:61,0
DA:62,0
DA:64,0
DA:65,0
DA:66,0
DA:69,0
DA:72,0
DA:73,0
DA:74,0
LF:26
LH:1
end_of_record
SF:lib\screens2\supermercado8_screen.dart
DA:4,1
DA:15,0
DA:17,0
DA:18,0
DA:22,0
DA:30,0
DA:31,0
DA:32,0
DA:33,0
DA:34,0
DA:35,0
DA:37,0
DA:38,0
DA:39,0
DA:52,0
DA:58,0
DA:60,0
DA:61,0
DA:62,0
DA:64,0
DA:65,0
DA:66,0
DA:69,0
DA:72,0
DA:73,0
DA:74,0
LF:26
LH:1
end_of_record
SF:lib\screens2\supermercado9_screen.dart
DA:4,1
DA:15,0
DA:17,0
DA:18,0
DA:22,0
DA:30,0
DA:31,0
DA:32,0
DA:33,0
DA:34,0
DA:35,0
DA:37,0
DA:38,0
DA:39,0
DA:52,0
DA:58,0
DA:60,0
DA:61,0
DA:62,0
DA:64,0
DA:65,0
DA:66,0
DA:69,0
DA:72,0
DA:73,0
DA:74,0
LF:26
LH:1
end_of_record
SF:lib\screens2\supermercado10_screen.dart
DA:4,1
DA:15,0
DA:17,0
DA:18,0
DA:22,0
DA:30,0
DA:31,0
DA:32,0
DA:33,0
DA:34,0
DA:35,0
DA:37,0
DA:38,0
DA:39,0
DA:52,0
DA:58,0
DA:60,0
DA:61,0
DA:62,0
DA:64,0
DA:65,0
DA:66,0
DA:69,0
DA:72,0
DA:73,0
DA:74,0
LF:26
LH:1
end_of_record
SF:lib\screens2\supermercado11_screen.dart
DA:4,1
DA:15,0
DA:17,0
DA:18,0
DA:22,0
DA:30,0
DA:31,0
DA:32,0
DA:33,0
DA:34,0
DA:35,0
DA:37,0
DA:38,0
DA:39,0
DA:52,0
DA:58,0
DA:60,0
DA:61,0
DA:62,0
DA:64,0
DA:65,0
DA:66,0
DA:69,0
DA:72,0
DA:73,0
DA:74,0
LF:26
LH:1
end_of_record
SF:lib\screens2\supermercado12_screen.dart
DA:4,1
DA:15,0
DA:17,0
DA:18,0
DA:22,0
DA:30,0
DA:31,0
DA:32,0
DA:33,0
DA:34,0
DA:35,0
DA:37,0
DA:38,0
DA:39,0
DA:52,0
DA:58,0
DA:60,0
DA:61,0
DA:62,0
DA:64,0
DA:65,0
DA:66,0
DA:69,0
DA:72,0
DA:73,0
DA:74,0
LF:26
LH:1
end_of_record
SF:lib\screens3\tecnologia_exito.dart
DA:8,1
DA:74,0
DA:76,0
DA:77,0
DA:81,0
DA:82,0
DA:83,0
DA:85,0
DA:86,0
DA:93,0
DA:94,0
DA:95,0
DA:99,0
DA:102,0
DA:105,0
DA:106,0
DA:119,0
DA:121,0
DA:123,0
DA:125,0
DA:127,0
DA:128,0
DA:130,0
DA:132,0
DA:133,0
DA:134,0
DA:136,0
DA:137,0
DA:142,0
DA:144,0
DA:145,0
DA:152,0
DA:154,0
DA:155,0
DA:162,0
DA:164,0
DA:165,0
DA:166,0
DA:167,0
DA:168,0
DA:169,0
DA:174,0
LF:42
LH:1
end_of_record
SF:lib\screens3\deportes_exito.dart
DA:8,1
DA:74,0
DA:76,0
DA:77,0
DA:81,0
DA:82,0
DA:83,0
DA:85,0
DA:86,0
DA:93,0
DA:94,0
DA:95,0
DA:99,0
DA:102,0
DA:105,0
DA:106,0
DA:119,0
DA:121,0
DA:123,0
DA:125,0
DA:127,0
DA:128,0
DA:130,0
DA:132,0
DA:133,0
DA:134,0
DA:136,0
DA:137,0
DA:142,0
DA:144,0
DA:145,0
DA:152,0
DA:154,0
DA:155,0
DA:162,0
DA:164,0
DA:165,0
DA:166,0
DA:167,0
DA:168,0
DA:169,0
DA:174,0
LF:42
LH:1
end_of_record
SF:lib\screens3\moda_exito.dart
DA:8,1
DA:74,0
DA:76,0
DA:77,0
DA:81,0
DA:82,0
DA:83,0
DA:85,0
DA:86,0
DA:93,0
DA:94,0
DA:95,0
DA:99,0
DA:102,0
DA:105,0
DA:106,0
DA:119,0
DA:121,0
DA:123,0
DA:125,0
DA:127,0
DA:128,0
DA:130,0
DA:132,0
DA:133,0
DA:134,0
DA:136,0
DA:137,0
DA:142,0
DA:144,0
DA:145,0
DA:152,0
DA:154,0
DA:155,0
DA:162,0
DA:164,0
DA:165,0
DA:166,0
DA:167,0
DA:168,0
DA:169,0
DA:174,0
LF:42
LH:1
end_of_record
SF:lib\screens3\hogar_exito.dart
DA:8,1
DA:74,0
DA:76,0
DA:77,0
DA:81,0
DA:82,0
DA:83,0
DA:85,0
DA:86,0
DA:93,0
DA:94,0
DA:95,0
DA:99,0
DA:102,0
DA:105,0
DA:106,0
DA:119,0
DA:121,0
DA:123,0
DA:125,0
DA:127,0
DA:128,0
DA:130,0
DA:132,0
DA:133,0
DA:134,0
DA:136,0
DA:137,0
DA:142,0
DA:144,0
DA:145,0
DA:152,0
DA:154,0
DA:155,0
DA:162,0
DA:164,0
DA:165,0
DA:166,0
DA:167,0
DA:168,0
DA:169,0
DA:174,0
LF:42
LH:1
end_of_record
SF:lib\screens3\alimentos_exito.dart
DA:8,1
DA:74,0
DA:76,0
DA:77,0
DA:81,0
DA:82,0
DA:83,0
DA:85,0
DA:86,0
DA:93,0
DA:94,0
DA:95,0
DA:99,0
DA:102,0
DA:105,0
DA:106,0
DA:119,0
DA:121,0
DA:123,0
DA:125,0
DA:127,0
DA:128,0
DA:130,0
DA:132,0
DA:133,0
DA:134,0
DA:136,0
DA:137,0
DA:142,0
DA:144,0
DA:145,0
DA:152,0
DA:154,0
DA:155,0
DA:162,0
DA:164,0
DA:165,0
DA:166,0
DA:167,0
DA:168,0
DA:169,0
DA:174,0
LF:42
LH:1
end_of_record
SF:lib\screens3\juguetes_exito.dart
DA:8,1
DA:74,0
DA:76,0
DA:77,0
DA:81,0
DA:82,0
DA:83,0
DA:85,0
DA:86,0
DA:93,0
DA:94,0
DA:95,0
DA:99,0
DA:102,0
DA:105,0
DA:106,0
DA:119,0
DA:121,0
DA:123,0
DA:125,0
DA:127,0
DA:128,0
DA:130,0
DA:132,0
DA:133,0
DA:134,0
DA:136,0
DA:137,0
DA:142,0
DA:144,0
DA:145,0
DA:152,0
DA:154,0
DA:155,0
DA:162,0
DA:164,0
DA:165,0
DA:166,0
DA:167,0
DA:168,0
DA:169,0
DA:174,0
LF:42
LH:1
end_of_record
SF:lib\screens3\tecnologia_jumbo.dart
DA:8,1
DA:74,0
DA:76,0
DA:77,0
DA:81,0
DA:82,0
DA:83,0
DA:85,0
DA:86,0
DA:93,0
DA:94,0
DA:95,0
DA:99,0
DA:102,0
DA:105,0
DA:106,0
DA:119,0
DA:121,0
DA:123,0
DA:125,0
DA:127,0
DA:128,0
DA:130,0
DA:132,0
DA:133,0
DA:134,0
DA:136,0
DA:137,0
DA:142,0
DA:144,0
DA:145,0
DA:152,0
DA:154,0
DA:155,0
DA:162,0
DA:164,0
DA:165,0
DA:166,0
DA:167,0
DA:168,0
DA:169,0
DA:174,0
LF:42
LH:1
end_of_record
SF:lib\screens3\deportes_jumbo.dart
DA:8,1
DA:74,0
DA:76,0
DA:77,0
DA:81,0
DA:82,0
DA:83,0
DA:85,0
DA:86,0
DA:93,0
DA:94,0
DA:95,0
DA:99,0
DA:102,0
DA:105,0
DA:106,0
DA:119,0
DA:121,0
DA:123,0
DA:125,0
DA:127,0
DA:128,0
DA:130,0
DA:132,0
DA:133,0
DA:134,0
DA:136,0
DA:137,0
DA:142,0
DA:144,0
DA:145,0
DA:152,0
DA:154,0
DA:155,0
DA:162,0
DA:164,0
DA:165,0
DA:166,0
DA:167,0
DA:168,0
DA:169,0
DA:174,0
LF:42
LH:1
end_of_record
SF:lib\screens3\moda_jumbo.dart
DA:8,1
DA:74,0
DA:76,0
DA:77,0
DA:81,0
DA:82,0
DA:83,0
DA:85,0
DA:86,0
DA:93,0
DA:94,0
DA:95,0
DA:99,0
DA:102,0
DA:105,0
DA:106,0
DA:119,0
DA:121,0
DA:123,0
DA:125,0
DA:127,0
DA:128,0
DA:130,0
DA:132,0
DA:133,0
DA:134,0
DA:136,0
DA:137,0
DA:142,0
DA:144,0
DA:145,0
DA:152,0
DA:154,0
DA:155,0
DA:162,0
DA:164,0
DA:165,0
DA:166,0
DA:167,0
DA:168,0
DA:169,0
DA:174,0
LF:42
LH:1
end_of_record
SF:lib\screens3\hogar_jumbo.dart
DA:8,1
DA:74,0
DA:76,0
DA:77,0
DA:81,0
DA:82,0
DA:83,0
DA:85,0
DA:86,0
DA:93,0
DA:94,0
DA:95,0
DA:99,0
DA:102,0
DA:105,0
DA:106,0
DA:119,0
DA:121,0
DA:123,0
DA:125,0
DA:127,0
DA:128,0
DA:130,0
DA:132,0
DA:133,0
DA:134,0
DA:136,0
DA:137,0
DA:142,0
DA:144,0
DA:145,0
DA:152,0
DA:154,0
DA:155,0
DA:162,0
DA:164,0
DA:165,0
DA:166,0
DA:167,0
DA:168,0
DA:169,0
DA:174,0
LF:42
LH:1
end_of_record
SF:lib\screens3\alimentos_jumbo.dart
DA:8,1
DA:74,0
DA:76,0
DA:77,0
DA:81,0
DA:82,0
DA:83,0
DA:85,0
DA:86,0
DA:93,0
DA:94,0
DA:95,0
DA:99,0
DA:102,0
DA:105,0
DA:106,0
DA:119,0
DA:121,0
DA:123,0
DA:125,0
DA:127,0
DA:128,0
DA:130,0
DA:132,0
DA:133,0
DA:134,0
DA:136,0
DA:137,0
DA:142,0
DA:144,0
DA:145,0
DA:152,0
DA:154,0
DA:155,0
DA:162,0
DA:164,0
DA:165,0
DA:166,0
DA:167,0
DA:168,0
DA:169,0
DA:174,0
LF:42
LH:1
end_of_record
SF:lib\screens3\juguetes_jumbo.dart
DA:8,1
DA:74,0
DA:76,0
DA:77,0
DA:81,0
DA:82,0
DA:83,0
DA:85,0
DA:86,0
DA:93,0
DA:94,0
DA:95,0
DA:99,0
DA:102,0
DA:105,0
DA:106,0
DA:119,0
DA:121,0
DA:123,0
DA:125,0
DA:127,0
DA:128,0
DA:130,0
DA:132,0
DA:133,0
DA:134,0
DA:136,0
DA:137,0
DA:142,0
DA:144,0
DA:145,0
DA:152,0
DA:154,0
DA:155,0
DA:162,0
DA:164,0
DA:165,0
DA:166,0
DA:167,0
DA:168,0
DA:169,0
DA:174,0
LF:42
LH:1
end_of_record
SF:lib\screens3\tecnologia_carulla.dart
DA:8,1
DA:74,0
DA:76,0
DA:77,0
DA:81,0
DA:82,0
DA:83,0
DA:85,0
DA:86,0
DA:93,0
DA:94,0
DA:95,0
DA:99,0
DA:102,0
DA:105,0
DA:106,0
DA:119,0
DA:121,0
DA:123,0
DA:125,0
DA:127,0
DA:128,0
DA:130,0
DA:132,0
DA:133,0
DA:134,0
DA:136,0
DA:137,0
DA:142,0
DA:144,0
DA:145,0
DA:152,0
DA:154,0
DA:155,0
DA:162,0
DA:164,0
DA:165,0
DA:166,0
DA:167,0
DA:168,0
DA:169,0
DA:174,0
LF:42
LH:1
end_of_record
SF:lib\screens3\deportes_carulla.dart
DA:8,1
DA:74,0
DA:76,0
DA:77,0
DA:81,0
DA:82,0
DA:83,0
DA:85,0
DA:86,0
DA:93,0
DA:94,0
DA:95,0
DA:99,0
DA:102,0
DA:105,0
DA:106,0
DA:119,0
DA:121,0
DA:123,0
DA:125,0
DA:127,0
DA:128,0
DA:130,0
DA:132,0
DA:133,0
DA:134,0
DA:136,0
DA:137,0
DA:142,0
DA:144,0
DA:145,0
DA:152,0
DA:154,0
DA:155,0
DA:162,0
DA:164,0
DA:165,0
DA:166,0
DA:167,0
DA:168,0
DA:169,0
DA:174,0
LF:42
LH:1
end_of_record
SF:lib\screens3\moda_carulla.dart
DA:8,1
DA:74,0
DA:76,0
DA:77,0
DA:81,0
DA:82,0
DA:83,0
DA:85,0
DA:86,0
DA:93,0
DA:94,0
DA:95,0
DA:99,0
DA:102,0
DA:105,0
DA:106,0
DA:119,0
DA:121,0
DA:123,0
DA:125,0
DA:127,0
DA:128,0
DA:130,0
DA:132,0
DA:133,0
DA:134,0
DA:136,0
DA:137,0
DA:142,0
DA:144,0
DA:145,0
DA:152,0
DA:154,0
DA:155,0
DA:162,0
DA:164,0
DA:165,0
DA:166,0
DA:167,0
DA:168,0
DA:169,0
DA:174,0
LF:42
LH:1
end_of_record
SF:lib\screens3\hogar_carulla.dart
DA:8,1
DA:74,0
DA:76,0
DA:77,0
DA:81,0
DA:82,0
DA:83,0
DA:85,0
DA:86,0
DA:93,0
DA:94,0
DA:95,0
DA:99,0
DA:102,0
DA:105,0
DA:106,0
DA:119,0
DA:121,0
DA:123,0
DA:125,0
DA:127,0
DA:128,0
DA:130,0
DA:132,0
DA:133,0
DA:134,0
DA:136,0
DA:137,0
DA:142,0
DA:144,0
DA:145,0
DA:152,0
DA:154,0
DA:155,0
DA:162,0
DA:164,0
DA:165,0
DA:166,0
DA:167,0
DA:168,0
DA:169,0
DA:174,0
LF:42
LH:1
end_of_record
SF:lib\screens3\alimentos_carulla.dart
DA:8,1
DA:74,0
DA:76,0
DA:77,0
DA:81,0
DA:82,0
DA:83,0
DA:85,0
DA:86,0
DA:93,0
DA:94,0
DA:95,0
DA:99,0
DA:102,0
DA:105,0
DA:106,0
DA:119,0
DA:121,0
DA:123,0
DA:125,0
DA:127,0
DA:128,0
DA:130,0
DA:132,0
DA:133,0
DA:134,0
DA:136,0
DA:137,0
DA:142,0
DA:144,0
DA:145,0
DA:152,0
DA:154,0
DA:155,0
DA:162,0
DA:164,0
DA:165,0
DA:166,0
DA:167,0
DA:168,0
DA:169,0
DA:174,0
LF:42
LH:1
end_of_record
SF:lib\screens3\juguetes_carulla.dart
DA:8,1
DA:74,0
DA:76,0
DA:77,0
DA:81,0
DA:82,0
DA:83,0
DA:85,0
DA:86,0
DA:93,0
DA:94,0
DA:95,0
DA:99,0
DA:102,0
DA:105,0
DA:106,0
DA:119,0
DA:121,0
DA:123,0
DA:125,0
DA:127,0
DA:128,0
DA:130,0
DA:132,0
DA:133,0
DA:134,0
DA:136,0
DA:137,0
DA:142,0
DA:144,0
DA:145,0
DA:152,0
DA:154,0
DA:155,0
DA:162,0
DA:164,0
DA:165,0
DA:166,0
DA:167,0
DA:168,0
DA:169,0
DA:174,0
LF:42
LH:1
end_of_record
SF:lib\screens3\tecnologia_surtimax.dart
DA:8,1
DA:74,0
DA:76,0
DA:77,0
DA:81,0
DA:82,0
DA:83,0
DA:85,0
DA:86,0
DA:93,0
DA:94,0
DA:95,0
DA:99,0
DA:102,0
DA:105,0
DA:106,0
DA:119,0
DA:121,0
DA:123,0
DA:125,0
DA:127,0
DA:128,0
DA:130,0
DA:132,0
DA:133,0
DA:134,0
DA:136,0
DA:137,0
DA:142,0
DA:144,0
DA:145,0
DA:152,0
DA:154,0
DA:155,0
DA:162,0
DA:164,0
DA:165,0
DA:166,0
DA:167,0
DA:168,0
DA:169,0
DA:174,0
LF:42
LH:1
end_of_record
SF:lib\screens3\deportes_surtimax.dart
DA:8,1
DA:74,0
DA:76,0
DA:77,0
DA:81,0
DA:82,0
DA:83,0
DA:85,0
DA:86,0
DA:93,0
DA:94,0
DA:95,0
DA:99,0
DA:102,0
DA:105,0
DA:106,0
DA:119,0
DA:121,0
DA:123,0
DA:125,0
DA:127,0
DA:128,0
DA:130,0
DA:132,0
DA:133,0
DA:134,0
DA:136,0
DA:137,0
DA:142,0
DA:144,0
DA:145,0
DA:152,0
DA:154,0
DA:155,0
DA:162,0
DA:164,0
DA:165,0
DA:166,0
DA:167,0
DA:168,0
DA:169,0
DA:174,0
LF:42
LH:1
end_of_record
SF:lib\screens3\moda_surtimax.dart
DA:8,1
DA:74,0
DA:76,0
DA:77,0
DA:81,0
DA:82,0
DA:83,0
DA:85,0
DA:86,0
DA:93,0
DA:94,0
DA:95,0
DA:99,0
DA:102,0
DA:105,0
DA:106,0
DA:119,0
DA:121,0
DA:123,0
DA:125,0
DA:127,0
DA:128,0
DA:130,0
DA:132,0
DA:133,0
DA:134,0
DA:136,0
DA:137,0
DA:142,0
DA:144,0
DA:145,0
DA:152,0
DA:154,0
DA:155,0
DA:162,0
DA:164,0
DA:165,0
DA:166,0
DA:167,0
DA:168,0
DA:169,0
DA:174,0
LF:42
LH:1
end_of_record
SF:lib\screens3\hogar_surtimax.dart
DA:8,1
DA:74,0
DA:76,0
DA:77,0
DA:81,0
DA:82,0
DA:83,0
DA:85,0
DA:86,0
DA:93,0
DA:94,0
DA:95,0
DA:99,0
DA:102,0
DA:105,0
DA:106,0
DA:119,0
DA:121,0
DA:123,0
DA:125,0
DA:127,0
DA:128,0
DA:130,0
DA:132,0
DA:133,0
DA:134,0
DA:136,0
DA:137,0
DA:142,0
DA:144,0
DA:145,0
DA:152,0
DA:154,0
DA:155,0
DA:162,0
DA:164,0
DA:165,0
DA:166,0
DA:167,0
DA:168,0
DA:169,0
DA:174,0
LF:42
LH:1
end_of_record
SF:lib\screens3\alimentos_surtimax.dart
DA:8,1
DA:74,0
DA:76,0
DA:77,0
DA:81,0
DA:82,0
DA:83,0
DA:85,0
DA:86,0
DA:93,0
DA:94,0
DA:95,0
DA:99,0
DA:102,0
DA:105,0
DA:106,0
DA:119,0
DA:121,0
DA:123,0
DA:125,0
DA:127,0
DA:128,0
DA:130,0
DA:132,0
DA:133,0
DA:134,0
DA:136,0
DA:137,0
DA:142,0
DA:144,0
DA:145,0
DA:152,0
DA:154,0
DA:155,0
DA:162,0
DA:164,0
DA:165,0
DA:166,0
DA:167,0
DA:168,0
DA:169,0
DA:174,0
LF:42
LH:1
end_of_record
SF:lib\screens3\juguetes_surtimax.dart
DA:8,1
DA:74,0
DA:76,0
DA:77,0
DA:81,0
DA:82,0
DA:83,0
DA:85,0
DA:86,0
DA:93,0
DA:94,0
DA:95,0
DA:99,0
DA:102,0
DA:105,0
DA:106,0
DA:119,0
DA:121,0
DA:123,0
DA:125,0
DA:127,0
DA:128,0
DA:130,0
DA:132,0
DA:133,0
DA:134,0
DA:136,0
DA:137,0
DA:142,0
DA:144,0
DA:145,0
DA:152,0
DA:154,0
DA:155,0
DA:162,0
DA:164,0
DA:165,0
DA:166,0
DA:167,0
DA:168,0
DA:169,0
DA:174,0
LF:42
LH:1
end_of_record
SF:lib\screens3\tecnologia_ara.dart
DA:8,1
DA:74,0
DA:76,0
DA:77,0
DA:81,0
DA:82,0
DA:83,0
DA:85,0
DA:86,0
DA:93,0
DA:94,0
DA:95,0
DA:99,0
DA:102,0
DA:105,0
DA:106,0
DA:119,0
DA:121,0
DA:123,0
DA:125,0
DA:127,0
DA:128,0
DA:130,0
DA:132,0
DA:133,0
DA:134,0
DA:136,0
DA:137,0
DA:142,0
DA:144,0
DA:145,0
DA:152,0
DA:154,0
DA:155,0
DA:162,0
DA:164,0
DA:165,0
DA:166,0
DA:167,0
DA:168,0
DA:169,0
DA:174,0
LF:42
LH:1
end_of_record
SF:lib\screens3\deportes_ara.dart
DA:8,1
DA:74,0
DA:76,0
DA:77,0
DA:81,0
DA:82,0
DA:83,0
DA:85,0
DA:86,0
DA:93,0
DA:94,0
DA:95,0
DA:99,0
DA:102,0
DA:105,0
DA:106,0
DA:119,0
DA:121,0
DA:123,0
DA:125,0
DA:127,0
DA:128,0
DA:130,0
DA:132,0
DA:133,0
DA:134,0
DA:136,0
DA:137,0
DA:142,0
DA:144,0
DA:145,0
DA:152,0
DA:154,0
DA:155,0
DA:162,0
DA:164,0
DA:165,0
DA:166,0
DA:167,0
DA:168,0
DA:169,0
DA:174,0
LF:42
LH:1
end_of_record
SF:lib\screens3\moda_ara.dart
DA:8,1
DA:74,0
DA:76,0
DA:77,0
DA:81,0
DA:82,0
DA:83,0
DA:85,0
DA:86,0
DA:93,0
DA:94,0
DA:95,0
DA:99,0
DA:102,0
DA:105,0
DA:106,0
DA:119,0
DA:121,0
DA:123,0
DA:125,0
DA:127,0
DA:128,0
DA:130,0
DA:132,0
DA:133,0
DA:134,0
DA:136,0
DA:137,0
DA:142,0
DA:144,0
DA:145,0
DA:152,0
DA:154,0
DA:155,0
DA:162,0
DA:164,0
DA:165,0
DA:166,0
DA:167,0
DA:168,0
DA:169,0
DA:174,0
LF:42
LH:1
end_of_record
SF:lib\screens3\hogar_ara.dart
DA:8,1
DA:74,0
DA:76,0
DA:77,0
DA:81,0
DA:82,0
DA:83,0
DA:85,0
DA:86,0
DA:93,0
DA:94,0
DA:95,0
DA:99,0
DA:102,0
DA:105,0
DA:106,0
DA:119,0
DA:121,0
DA:123,0
DA:125,0
DA:127,0
DA:128,0
DA:130,0
DA:132,0
DA:133,0
DA:134,0
DA:136,0
DA:137,0
DA:142,0
DA:144,0
DA:145,0
DA:152,0
DA:154,0
DA:155,0
DA:162,0
DA:164,0
DA:165,0
DA:166,0
DA:167,0
DA:168,0
DA:169,0
DA:174,0
LF:42
LH:1
end_of_record
SF:lib\screens3\alimentos_ara.dart
DA:8,1
DA:74,0
DA:76,0
DA:77,0
DA:81,0
DA:82,0
DA:83,0
DA:85,0
DA:86,0
DA:93,0
DA:94,0
DA:95,0
DA:99,0
DA:102,0
DA:105,0
DA:106,0
DA:119,0
DA:121,0
DA:123,0
DA:125,0
DA:127,0
DA:128,0
DA:130,0
DA:132,0
DA:133,0
DA:134,0
DA:136,0
DA:137,0
DA:142,0
DA:144,0
DA:145,0
DA:152,0
DA:154,0
DA:155,0
DA:162,0
DA:164,0
DA:165,0
DA:166,0
DA:167,0
DA:168,0
DA:169,0
DA:174,0
LF:42
LH:1
end_of_record
SF:lib\screens3\juguetes_ara.dart
DA:8,1
DA:74,0
DA:76,0
DA:77,0
DA:81,0
DA:82,0
DA:83,0
DA:85,0
DA:86,0
DA:93,0
DA:94,0
DA:95,0
DA:99,0
DA:102,0
DA:105,0
DA:106,0
DA:119,0
DA:121,0
DA:123,0
DA:125,0
DA:127,0
DA:128,0
DA:130,0
DA:132,0
DA:133,0
DA:134,0
DA:136,0
DA:137,0
DA:142,0
DA:144,0
DA:145,0
DA:152,0
DA:154,0
DA:155,0
DA:162,0
DA:164,0
DA:165,0
DA:166,0
DA:167,0
DA:168,0
DA:169,0
DA:174,0
LF:42
LH:1
end_of_record
SF:lib\screens3\tecnologia_megatiendas.dart
DA:8,1
DA:74,0
DA:76,0
DA:77,0
DA:81,0
DA:82,0
DA:83,0
DA:85,0
DA:86,0
DA:93,0
DA:94,0
DA:95,0
DA:99,0
DA:102,0
DA:105,0
DA:106,0
DA:119,0
DA:121,0
DA:123,0
DA:125,0
DA:127,0
DA:128,0
DA:130,0
DA:132,0
DA:133,0
DA:134,0
DA:136,0
DA:137,0
DA:142,0
DA:144,0
DA:145,0
DA:152,0
DA:154,0
DA:155,0
DA:162,0
DA:164,0
DA:165,0
DA:166,0
DA:167,0
DA:168,0
DA:169,0
DA:174,0
LF:42
LH:1
end_of_record
SF:lib\screens3\deportes_megatiendas.dart
DA:8,1
DA:74,0
DA:76,0
DA:77,0
DA:81,0
DA:82,0
DA:83,0
DA:85,0
DA:86,0
DA:93,0
DA:94,0
DA:95,0
DA:99,0
DA:102,0
DA:105,0
DA:106,0
DA:119,0
DA:121,0
DA:123,0
DA:125,0
DA:127,0
DA:128,0
DA:130,0
DA:132,0
DA:133,0
DA:134,0
DA:136,0
DA:137,0
DA:142,0
DA:144,0
DA:145,0
DA:152,0
DA:154,0
DA:155,0
DA:162,0
DA:164,0
DA:165,0
DA:166,0
DA:167,0
DA:168,0
DA:169,0
DA:174,0
LF:42
LH:1
end_of_record
SF:lib\screens3\moda_megatiendas.dart
DA:8,1
DA:74,0
DA:76,0
DA:77,0
DA:81,0
DA:82,0
DA:83,0
DA:85,0
DA:86,0
DA:93,0
DA:94,0
DA:95,0
DA:99,0
DA:102,0
DA:105,0
DA:106,0
DA:119,0
DA:121,0
DA:123,0
DA:125,0
DA:127,0
DA:128,0
DA:130,0
DA:132,0
DA:133,0
DA:134,0
DA:136,0
DA:137,0
DA:142,0
DA:144,0
DA:145,0
DA:152,0
DA:154,0
DA:155,0
DA:162,0
DA:164,0
DA:165,0
DA:166,0
DA:167,0
DA:168,0
DA:169,0
DA:174,0
LF:42
LH:1
end_of_record
SF:lib\screens3\hogar_megatiendas.dart
DA:8,1
DA:74,0
DA:76,0
DA:77,0
DA:81,0
DA:82,0
DA:83,0
DA:85,0
DA:86,0
DA:93,0
DA:94,0
DA:95,0
DA:99,0
DA:102,0
DA:105,0
DA:106,0
DA:119,0
DA:121,0
DA:123,0
DA:125,0
DA:127,0
DA:128,0
DA:130,0
DA:132,0
DA:133,0
DA:134,0
DA:136,0
DA:137,0
DA:142,0
DA:144,0
DA:145,0
DA:152,0
DA:154,0
DA:155,0
DA:162,0
DA:164,0
DA:165,0
DA:166,0
DA:167,0
DA:168,0
DA:169,0
DA:174,0
LF:42
LH:1
end_of_record
SF:lib\screens3\alimentos_megatiendas.dart
DA:8,1
DA:74,0
DA:76,0
DA:77,0
DA:81,0
DA:82,0
DA:83,0
DA:85,0
DA:86,0
DA:93,0
DA:94,0
DA:95,0
DA:99,0
DA:102,0
DA:105,0
DA:106,0
DA:119,0
DA:121,0
DA:123,0
DA:125,0
DA:127,0
DA:128,0
DA:130,0
DA:132,0
DA:133,0
DA:134,0
DA:136,0
DA:137,0
DA:142,0
DA:144,0
DA:145,0
DA:152,0
DA:154,0
DA:155,0
DA:162,0
DA:164,0
DA:165,0
DA:166,0
DA:167,0
DA:168,0
DA:169,0
DA:174,0
LF:42
LH:1
end_of_record
SF:lib\screens3\juguetes_megatiendas.dart
DA:8,1
DA:74,0
DA:76,0
DA:77,0
DA:81,0
DA:82,0
DA:83,0
DA:85,0
DA:86,0
DA:93,0
DA:94,0
DA:95,0
DA:99,0
DA:102,0
DA:105,0
DA:106,0
DA:119,0
DA:121,0
DA:123,0
DA:125,0
DA:127,0
DA:128,0
DA:130,0
DA:132,0
DA:133,0
DA:134,0
DA:136,0
DA:137,0
DA:142,0
DA:144,0
DA:145,0
DA:152,0
DA:154,0
DA:155,0
DA:162,0
DA:164,0
DA:165,0
DA:166,0
DA:167,0
DA:168,0
DA:169,0
DA:174,0
LF:42
LH:1
end_of_record
SF:lib\screens3\tecnologia_alkosto.dart
DA:8,1
DA:74,0
DA:76,0
DA:77,0
DA:81,0
DA:82,0
DA:83,0
DA:85,0
DA:86,0
DA:93,0
DA:94,0
DA:95,0
DA:99,0
DA:102,0
DA:105,0
DA:106,0
DA:119,0
DA:121,0
DA:123,0
DA:125,0
DA:127,0
DA:128,0
DA:130,0
DA:132,0
DA:133,0
DA:134,0
DA:136,0
DA:137,0
DA:142,0
DA:144,0
DA:145,0
DA:152,0
DA:154,0
DA:155,0
DA:162,0
DA:164,0
DA:165,0
DA:166,0
DA:167,0
DA:168,0
DA:169,0
DA:174,0
LF:42
LH:1
end_of_record
SF:lib\screens3\deportes_alkosto.dart
DA:8,1
DA:74,0
DA:76,0
DA:77,0
DA:81,0
DA:82,0
DA:83,0
DA:85,0
DA:86,0
DA:93,0
DA:94,0
DA:95,0
DA:99,0
DA:102,0
DA:105,0
DA:106,0
DA:119,0
DA:121,0
DA:123,0
DA:125,0
DA:127,0
DA:128,0
DA:130,0
DA:132,0
DA:133,0
DA:134,0
DA:136,0
DA:137,0
DA:142,0
DA:144,0
DA:145,0
DA:152,0
DA:154,0
DA:155,0
DA:162,0
DA:164,0
DA:165,0
DA:166,0
DA:167,0
DA:168,0
DA:169,0
DA:174,0
LF:42
LH:1
end_of_record
SF:lib\screens3\moda_alkosto.dart
DA:8,1
DA:74,0
DA:76,0
DA:77,0
DA:81,0
DA:82,0
DA:83,0
DA:85,0
DA:86,0
DA:93,0
DA:94,0
DA:95,0
DA:99,0
DA:102,0
DA:105,0
DA:106,0
DA:119,0
DA:121,0
DA:123,0
DA:125,0
DA:127,0
DA:128,0
DA:130,0
DA:132,0
DA:133,0
DA:134,0
DA:136,0
DA:137,0
DA:142,0
DA:144,0
DA:145,0
DA:152,0
DA:154,0
DA:155,0
DA:162,0
DA:164,0
DA:165,0
DA:166,0
DA:167,0
DA:168,0
DA:169,0
DA:174,0
LF:42
LH:1
end_of_record
SF:lib\screens3\hogar_alkosto.dart
DA:8,1
DA:74,0
DA:76,0
DA:77,0
DA:81,0
DA:82,0
DA:83,0
DA:85,0
DA:86,0
DA:93,0
DA:94,0
DA:95,0
DA:99,0
DA:102,0
DA:105,0
DA:106,0
DA:119,0
DA:121,0
DA:123,0
DA:125,0
DA:127,0
DA:128,0
DA:130,0
DA:132,0
DA:133,0
DA:134,0
DA:136,0
DA:137,0
DA:142,0
DA:144,0
DA:145,0
DA:152,0
DA:154,0
DA:155,0
DA:162,0
DA:164,0
DA:165,0
DA:166,0
DA:167,0
DA:168,0
DA:169,0
DA:174,0
LF:42
LH:1
end_of_record
SF:lib\screens3\alimentos_alkosto.dart
DA:8,1
DA:74,0
DA:76,0
DA:77,0
DA:81,0
DA:82,0
DA:83,0
DA:85,0
DA:86,0
DA:93,0
DA:94,0
DA:95,0
DA:99,0
DA:102,0
DA:105,0
DA:106,0
DA:119,0
DA:121,0
DA:123,0
DA:125,0
DA:127,0
DA:128,0
DA:130,0
DA:132,0
DA:133,0
DA:134,0
DA:136,0
DA:137,0
DA:142,0
DA:144,0
DA:145,0
DA:152,0
DA:154,0
DA:155,0
DA:162,0
DA:164,0
DA:165,0
DA:166,0
DA:167,0
DA:168,0
DA:169,0
DA:174,0
LF:42
LH:1
end_of_record
SF:lib\screens3\juguetes_alkosto.dart
DA:8,1
DA:74,0
DA:76,0
DA:77,0
DA:81,0
DA:82,0
DA:83,0
DA:85,0
DA:86,0
DA:93,0
DA:94,0
DA:95,0
DA:99,0
DA:102,0
DA:105,0
DA:106,0
DA:119,0
DA:121,0
DA:123,0
DA:125,0
DA:127,0
DA:128,0
DA:130,0
DA:132,0
DA:133,0
DA:134,0
DA:136,0
DA:137,0
DA:142,0
DA:144,0
DA:145,0
DA:152,0
DA:154,0
DA:155,0
DA:162,0
DA:164,0
DA:165,0
DA:166,0
DA:167,0
DA:168,0
DA:169,0
DA:174,0
LF:42
LH:1
end_of_record
SF:lib\screens3\tecnologia_d1.dart
DA:8,1
DA:74,0
DA:76,0
DA:77,0
DA:81,0
DA:82,0
DA:83,0
DA:85,0
DA:86,0
DA:93,0
DA:94,0
DA:95,0
DA:99,0
DA:102,0
DA:105,0
DA:106,0
DA:119,0
DA:121,0
DA:123,0
DA:125,0
DA:127,0
DA:128,0
DA:130,0
DA:132,0
DA:133,0
DA:134,0
DA:136,0
DA:137,0
DA:142,0
DA:144,0
DA:145,0
DA:152,0
DA:154,0
DA:155,0
DA:162,0
DA:164,0
DA:165,0
DA:166,0
DA:167,0
DA:168,0
DA:169,0
DA:174,0
LF:42
LH:1
end_of_record
SF:lib\screens3\deportes_d1.dart
DA:8,1
DA:74,0
DA:76,0
DA:77,0
DA:81,0
DA:82,0
DA:83,0
DA:85,0
DA:86,0
DA:93,0
DA:94,0
DA:95,0
DA:99,0
DA:102,0
DA:105,0
DA:106,0
DA:119,0
DA:121,0
DA:123,0
DA:125,0
DA:127,0
DA:128,0
DA:130,0
DA:132,0
DA:133,0
DA:134,0
DA:136,0
DA:137,0
DA:142,0
DA:144,0
DA:145,0
DA:152,0
DA:154,0
DA:155,0
DA:162,0
DA:164,0
DA:165,0
DA:166,0
DA:167,0
DA:168,0
DA:169,0
DA:174,0
LF:42
LH:1
end_of_record
SF:lib\screens3\moda_d1.dart
DA:8,1
DA:74,0
DA:76,0
DA:77,0
DA:81,0
DA:82,0
DA:83,0
DA:85,0
DA:86,0
DA:93,0
DA:94,0
DA:95,0
DA:99,0
DA:102,0
DA:105,0
DA:106,0
DA:119,0
DA:121,0
DA:123,0
DA:125,0
DA:127,0
DA:128,0
DA:130,0
DA:132,0
DA:133,0
DA:134,0
DA:136,0
DA:137,0
DA:142,0
DA:144,0
DA:145,0
DA:152,0
DA:154,0
DA:155,0
DA:162,0
DA:164,0
DA:165,0
DA:166,0
DA:167,0
DA:168,0
DA:169,0
DA:174,0
LF:42
LH:1
end_of_record
SF:lib\screens3\hogar_d1.dart
DA:8,1
DA:74,0
DA:76,0
DA:77,0
DA:81,0
DA:82,0
DA:83,0
DA:85,0
DA:86,0
DA:93,0
DA:94,0
DA:95,0
DA:99,0
DA:102,0
DA:105,0
DA:106,0
DA:119,0
DA:121,0
DA:123,0
DA:125,0
DA:127,0
DA:128,0
DA:130,0
DA:132,0
DA:133,0
DA:134,0
DA:136,0
DA:137,0
DA:142,0
DA:144,0
DA:145,0
DA:152,0
DA:154,0
DA:155,0
DA:162,0
DA:164,0
DA:165,0
DA:166,0
DA:167,0
DA:168,0
DA:169,0
DA:174,0
LF:42
LH:1
end_of_record
SF:lib\screens3\alimentos_d1.dart
DA:8,1
DA:74,0
DA:76,0
DA:77,0
DA:81,0
DA:82,0
DA:83,0
DA:85,0
DA:86,0
DA:93,0
DA:94,0
DA:95,0
DA:99,0
DA:102,0
DA:105,0
DA:106,0
DA:119,0
DA:121,0
DA:123,0
DA:125,0
DA:127,0
DA:128,0
DA:130,0
DA:132,0
DA:133,0
DA:134,0
DA:136,0
DA:137,0
DA:142,0
DA:144,0
DA:145,0
DA:152,0
DA:154,0
DA:155,0
DA:162,0
DA:164,0
DA:165,0
DA:166,0
DA:167,0
DA:168,0
DA:169,0
DA:174,0
LF:42
LH:1
end_of_record
SF:lib\screens3\juguetes_d1.dart
DA:8,1
DA:74,0
DA:76,0
DA:77,0
DA:81,0
DA:82,0
DA:83,0
DA:85,0
DA:86,0
DA:93,0
DA:94,0
DA:95,0
DA:99,0
DA:102,0
DA:105,0
DA:106,0
DA:119,0
DA:121,0
DA:123,0
DA:125,0
DA:127,0
DA:128,0
DA:130,0
DA:132,0
DA:133,0
DA:134,0
DA:136,0
DA:137,0
DA:142,0
DA:144,0
DA:145,0
DA:152,0
DA:154,0
DA:155,0
DA:162,0
DA:164,0
DA:165,0
DA:166,0
DA:167,0
DA:168,0
DA:169,0
DA:174,0
LF:42
LH:1
end_of_record
SF:lib\screens3\tecnologia_metro.dart
DA:8,1
DA:74,0
DA:76,0
DA:77,0
DA:81,0
DA:82,0
DA:83,0
DA:85,0
DA:86,0
DA:93,0
DA:94,0
DA:95,0
DA:99,0
DA:102,0
DA:105,0
DA:106,0
DA:119,0
DA:121,0
DA:123,0
DA:125,0
DA:127,0
DA:128,0
DA:130,0
DA:132,0
DA:133,0
DA:134,0
DA:136,0
DA:137,0
DA:142,0
DA:144,0
DA:145,0
DA:152,0
DA:154,0
DA:155,0
DA:162,0
DA:164,0
DA:165,0
DA:166,0
DA:167,0
DA:168,0
DA:169,0
DA:174,0
LF:42
LH:1
end_of_record
SF:lib\screens3\deportes_metro.dart
DA:8,1
DA:74,0
DA:76,0
DA:77,0
DA:81,0
DA:82,0
DA:83,0
DA:85,0
DA:86,0
DA:93,0
DA:94,0
DA:95,0
DA:99,0
DA:102,0
DA:105,0
DA:106,0
DA:119,0
DA:121,0
DA:123,0
DA:125,0
DA:127,0
DA:128,0
DA:130,0
DA:132,0
DA:133,0
DA:134,0
DA:136,0
DA:137,0
DA:142,0
DA:144,0
DA:145,0
DA:152,0
DA:154,0
DA:155,0
DA:162,0
DA:164,0
DA:165,0
DA:166,0
DA:167,0
DA:168,0
DA:169,0
DA:174,0
LF:42
LH:1
end_of_record
SF:lib\screens3\moda_metro.dart
DA:8,1
DA:74,0
DA:76,0
DA:77,0
DA:81,0
DA:82,0
DA:83,0
DA:85,0
DA:86,0
DA:93,0
DA:94,0
DA:95,0
DA:99,0
DA:102,0
DA:105,0
DA:106,0
DA:119,0
DA:121,0
DA:123,0
DA:125,0
DA:127,0
DA:128,0
DA:130,0
DA:132,0
DA:133,0
DA:134,0
DA:136,0
DA:137,0
DA:142,0
DA:144,0
DA:145,0
DA:152,0
DA:154,0
DA:155,0
DA:162,0
DA:164,0
DA:165,0
DA:166,0
DA:167,0
DA:168,0
DA:169,0
DA:174,0
LF:42
LH:1
end_of_record
SF:lib\screens3\hogar_metro.dart
DA:8,1
DA:74,0
DA:76,0
DA:77,0
DA:81,0
DA:82,0
DA:83,0
DA:85,0
DA:86,0
DA:93,0
DA:94,0
DA:95,0
DA:99,0
DA:102,0
DA:105,0
DA:106,0
DA:119,0
DA:121,0
DA:123,0
DA:125,0
DA:127,0
DA:128,0
DA:130,0
DA:132,0
DA:133,0
DA:134,0
DA:136,0
DA:137,0
DA:142,0
DA:144,0
DA:145,0
DA:152,0
DA:154,0
DA:155,0
DA:162,0
DA:164,0
DA:165,0
DA:166,0
DA:167,0
DA:168,0
DA:169,0
DA:174,0
LF:42
LH:1
end_of_record
SF:lib\screens3\alimentos_metro.dart
DA:8,1
DA:74,0
DA:76,0
DA:77,0
DA:81,0
DA:82,0
DA:83,0
DA:85,0
DA:86,0
DA:93,0
DA:94,0
DA:95,0
DA:99,0
DA:102,0
DA:105,0
DA:106,0
DA:119,0
DA:121,0
DA:123,0
DA:125,0
DA:127,0
DA:128,0
DA:130,0
DA:132,0
DA:133,0
DA:134,0
DA:136,0
DA:137,0
DA:142,0
DA:144,0
DA:145,0
DA:152,0
DA:154,0
DA:155,0
DA:162,0
DA:164,0
DA:165,0
DA:166,0
DA:167,0
DA:168,0
DA:169,0
DA:174,0
LF:42
LH:1
end_of_record
SF:lib\screens3\juguetes_metro.dart
DA:8,1
DA:74,0
DA:76,0
DA:77,0
DA:81,0
DA:82,0
DA:83,0
DA:85,0
DA:86,0
DA:93,0
DA:94,0
DA:95,0
DA:99,0
DA:102,0
DA:105,0
DA:106,0
DA:119,0
DA:121,0
DA:123,0
DA:125,0
DA:127,0
DA:128,0
DA:130,0
DA:132,0
DA:133,0
DA:134,0
DA:136,0
DA:137,0
DA:142,0
DA:144,0
DA:145,0
DA:152,0
DA:154,0
DA:155,0
DA:162,0
DA:164,0
DA:165,0
DA:166,0
DA:167,0
DA:168,0
DA:169,0
DA:174,0
LF:42
LH:1
end_of_record
SF:lib\screens3\tecnologia_makro.dart
DA:8,1
DA:74,0
DA:76,0
DA:77,0
DA:81,0
DA:82,0
DA:83,0
DA:85,0
DA:86,0
DA:93,0
DA:94,0
DA:95,0
DA:99,0
DA:102,0
DA:105,0
DA:106,0
DA:119,0
DA:121,0
DA:123,0
DA:125,0
DA:127,0
DA:128,0
DA:130,0
DA:132,0
DA:133,0
DA:134,0
DA:136,0
DA:137,0
DA:142,0
DA:144,0
DA:145,0
DA:152,0
DA:154,0
DA:155,0
DA:162,0
DA:164,0
DA:165,0
DA:166,0
DA:167,0
DA:168,0
DA:169,0
DA:174,0
LF:42
LH:1
end_of_record
SF:lib\screens3\deportes_makro.dart
DA:8,1
DA:74,0
DA:76,0
DA:77,0
DA:81,0
DA:82,0
DA:83,0
DA:85,0
DA:86,0
DA:93,0
DA:94,0
DA:95,0
DA:99,0
DA:102,0
DA:105,0
DA:106,0
DA:119,0
DA:121,0
DA:123,0
DA:125,0
DA:127,0
DA:128,0
DA:130,0
DA:132,0
DA:133,0
DA:134,0
DA:136,0
DA:137,0
DA:142,0
DA:144,0
DA:145,0
DA:152,0
DA:154,0
DA:155,0
DA:162,0
DA:164,0
DA:165,0
DA:166,0
DA:167,0
DA:168,0
DA:169,0
DA:174,0
LF:42
LH:1
end_of_record
SF:lib\screens3\moda_makro.dart
DA:8,1
DA:74,0
DA:76,0
DA:77,0
DA:81,0
DA:82,0
DA:83,0
DA:85,0
DA:86,0
DA:93,0
DA:94,0
DA:95,0
DA:99,0
DA:102,0
DA:105,0
DA:106,0
DA:119,0
DA:121,0
DA:123,0
DA:125,0
DA:127,0
DA:128,0
DA:130,0
DA:132,0
DA:133,0
DA:134,0
DA:136,0
DA:137,0
DA:142,0
DA:144,0
DA:145,0
DA:152,0
DA:154,0
DA:155,0
DA:162,0
DA:164,0
DA:165,0
DA:166,0
DA:167,0
DA:168,0
DA:169,0
DA:174,0
LF:42
LH:1
end_of_record
SF:lib\screens3\hogar_makro.dart
DA:8,1
DA:74,0
DA:76,0
DA:77,0
DA:81,0
DA:82,0
DA:83,0
DA:85,0
DA:86,0
DA:93,0
DA:94,0
DA:95,0
DA:99,0
DA:102,0
DA:105,0
DA:106,0
DA:119,0
DA:121,0
DA:123,0
DA:125,0
DA:127,0
DA:128,0
DA:130,0
DA:132,0
DA:133,0
DA:134,0
DA:136,0
DA:137,0
DA:142,0
DA:144,0
DA:145,0
DA:152,0
DA:154,0
DA:155,0
DA:162,0
DA:164,0
DA:165,0
DA:166,0
DA:167,0
DA:168,0
DA:169,0
DA:174,0
LF:42
LH:1
end_of_record
SF:lib\screens3\alimentos_makro.dart
DA:8,1
DA:74,0
DA:76,0
DA:77,0
DA:81,0
DA:82,0
DA:83,0
DA:85,0
DA:86,0
DA:93,0
DA:94,0
DA:95,0
DA:99,0
DA:102,0
DA:105,0
DA:106,0
DA:119,0
DA:121,0
DA:123,0
DA:125,0
DA:127,0
DA:128,0
DA:130,0
DA:132,0
DA:133,0
DA:134,0
DA:136,0
DA:137,0
DA:142,0
DA:144,0
DA:145,0
DA:152,0
DA:154,0
DA:155,0
DA:162,0
DA:164,0
DA:165,0
DA:166,0
DA:167,0
DA:168,0
DA:169,0
DA:174,0
LF:42
LH:1
end_of_record
SF:lib\screens3\juguetes_makro.dart
DA:8,1
DA:74,0
DA:76,0
DA:77,0
DA:81,0
DA:82,0
DA:83,0
DA:85,0
DA:86,0
DA:93,0
DA:94,0
DA:95,0
DA:99,0
DA:102,0
DA:105,0
DA:106,0
DA:119,0
DA:121,0
DA:123,0
DA:125,0
DA:127,0
DA:128,0
DA:130,0
DA:132,0
DA:133,0
DA:134,0
DA:136,0
DA:137,0
DA:142,0
DA:144,0
DA:145,0
DA:152,0
DA:154,0
DA:155,0
DA:162,0
DA:164,0
DA:165,0
DA:166,0
DA:167,0
DA:168,0
DA:169,0
DA:174,0
LF:42
LH:1
end_of_record
SF:lib\screens3\tecnologia_olimpica.dart
DA:8,1
DA:74,0
DA:76,0
DA:77,0
DA:81,0
DA:82,0
DA:83,0
DA:85,0
DA:86,0
DA:93,0
DA:94,0
DA:95,0
DA:99,0
DA:102,0
DA:105,0
DA:106,0
DA:119,0
DA:121,0
DA:123,0
DA:125,0
DA:127,0
DA:128,0
DA:130,0
DA:132,0
DA:133,0
DA:134,0
DA:136,0
DA:137,0
DA:142,0
DA:144,0
DA:145,0
DA:152,0
DA:154,0
DA:155,0
DA:162,0
DA:164,0
DA:165,0
DA:166,0
DA:167,0
DA:168,0
DA:169,0
DA:174,0
LF:42
LH:1
end_of_record
SF:lib\screens3\deportes_olimpica.dart
DA:8,1
DA:74,0
DA:76,0
DA:77,0
DA:81,0
DA:82,0
DA:83,0
DA:85,0
DA:86,0
DA:93,0
DA:94,0
DA:95,0
DA:99,0
DA:102,0
DA:105,0
DA:106,0
DA:119,0
DA:121,0
DA:123,0
DA:125,0
DA:127,0
DA:128,0
DA:130,0
DA:132,0
DA:133,0
DA:134,0
DA:136,0
DA:137,0
DA:142,0
DA:144,0
DA:145,0
DA:152,0
DA:154,0
DA:155,0
DA:162,0
DA:164,0
DA:165,0
DA:166,0
DA:167,0
DA:168,0
DA:169,0
DA:174,0
LF:42
LH:1
end_of_record
SF:lib\screens3\moda_olimpica.dart
DA:8,1
DA:74,0
DA:76,0
DA:77,0
DA:81,0
DA:82,0
DA:83,0
DA:85,0
DA:86,0
DA:93,0
DA:94,0
DA:95,0
DA:99,0
DA:102,0
DA:105,0
DA:106,0
DA:119,0
DA:121,0
DA:123,0
DA:125,0
DA:127,0
DA:128,0
DA:130,0
DA:132,0
DA:133,0
DA:134,0
DA:136,0
DA:137,0
DA:142,0
DA:144,0
DA:145,0
DA:152,0
DA:154,0
DA:155,0
DA:162,0
DA:164,0
DA:165,0
DA:166,0
DA:167,0
DA:168,0
DA:169,0
DA:174,0
LF:42
LH:1
end_of_record
SF:lib\screens3\hogar_olimpica.dart
DA:8,1
DA:74,0
DA:76,0
DA:77,0
DA:81,0
DA:82,0
DA:83,0
DA:85,0
DA:86,0
DA:93,0
DA:94,0
DA:95,0
DA:99,0
DA:102,0
DA:105,0
DA:106,0
DA:119,0
DA:121,0
DA:123,0
DA:125,0
DA:127,0
DA:128,0
DA:130,0
DA:132,0
DA:133,0
DA:134,0
DA:136,0
DA:137,0
DA:142,0
DA:144,0
DA:145,0
DA:152,0
DA:154,0
DA:155,0
DA:162,0
DA:164,0
DA:165,0
DA:166,0
DA:167,0
DA:168,0
DA:169,0
DA:174,0
LF:42
LH:1
end_of_record
SF:lib\screens3\alimentos_olimpica.dart
DA:8,1
DA:74,0
DA:76,0
DA:77,0
DA:81,0
DA:82,0
DA:83,0
DA:85,0
DA:86,0
DA:93,0
DA:94,0
DA:95,0
DA:99,0
DA:102,0
DA:105,0
DA:106,0
DA:119,0
DA:121,0
DA:123,0
DA:125,0
DA:127,0
DA:128,0
DA:130,0
DA:132,0
DA:133,0
DA:134,0
DA:136,0
DA:137,0
DA:142,0
DA:144,0
DA:145,0
DA:152,0
DA:154,0
DA:155,0
DA:162,0
DA:164,0
DA:165,0
DA:166,0
DA:167,0
DA:168,0
DA:169,0
DA:174,0
LF:42
LH:1
end_of_record
SF:lib\screens3\juguetes_olimpica.dart
DA:8,1
DA:74,0
DA:76,0
DA:77,0
DA:81,0
DA:82,0
DA:83,0
DA:85,0
DA:86,0
DA:93,0
DA:94,0
DA:95,0
DA:99,0
DA:102,0
DA:105,0
DA:106,0
DA:119,0
DA:121,0
DA:123,0
DA:125,0
DA:127,0
DA:128,0
DA:130,0
DA:132,0
DA:133,0
DA:134,0
DA:136,0
DA:137,0
DA:142,0
DA:144,0
DA:145,0
DA:152,0
DA:154,0
DA:155,0
DA:162,0
DA:164,0
DA:165,0
DA:166,0
DA:167,0
DA:168,0
DA:169,0
DA:174,0
LF:42
LH:1
end_of_record
SF:lib\screens3\tecnologia_falabella.dart
DA:8,1
DA:74,0
DA:76,0
DA:77,0
DA:81,0
DA:82,0
DA:83,0
DA:85,0
DA:86,0
DA:93,0
DA:94,0
DA:95,0
DA:99,0
DA:102,0
DA:105,0
DA:106,0
DA:119,0
DA:121,0
DA:123,0
DA:125,0
DA:127,0
DA:128,0
DA:130,0
DA:132,0
DA:133,0
DA:134,0
DA:136,0
DA:137,0
DA:142,0
DA:144,0
DA:145,0
DA:152,0
DA:154,0
DA:155,0
DA:162,0
DA:164,0
DA:165,0
DA:166,0
DA:167,0
DA:168,0
DA:169,0
DA:174,0
LF:42
LH:1
end_of_record
SF:lib\screens3\deportes_falabella.dart
DA:8,1
DA:74,0
DA:76,0
DA:77,0
DA:81,0
DA:82,0
DA:83,0
DA:85,0
DA:86,0
DA:93,0
DA:94,0
DA:95,0
DA:99,0
DA:102,0
DA:105,0
DA:106,0
DA:119,0
DA:121,0
DA:123,0
DA:125,0
DA:127,0
DA:128,0
DA:130,0
DA:132,0
DA:133,0
DA:134,0
DA:136,0
DA:137,0
DA:142,0
DA:144,0
DA:145,0
DA:152,0
DA:154,0
DA:155,0
DA:162,0
DA:164,0
DA:165,0
DA:166,0
DA:167,0
DA:168,0
DA:169,0
DA:174,0
LF:42
LH:1
end_of_record
SF:lib\screens3\moda_falabella.dart
DA:8,1
DA:74,0
DA:76,0
DA:77,0
DA:81,0
DA:82,0
DA:83,0
DA:85,0
DA:86,0
DA:93,0
DA:94,0
DA:95,0
DA:99,0
DA:102,0
DA:105,0
DA:106,0
DA:119,0
DA:121,0
DA:123,0
DA:125,0
DA:127,0
DA:128,0
DA:130,0
DA:132,0
DA:133,0
DA:134,0
DA:136,0
DA:137,0
DA:142,0
DA:144,0
DA:145,0
DA:152,0
DA:154,0
DA:155,0
DA:162,0
DA:164,0
DA:165,0
DA:166,0
DA:167,0
DA:168,0
DA:169,0
DA:174,0
LF:42
LH:1
end_of_record
SF:lib\screens3\hogar_falabella.dart
DA:8,1
DA:74,0
DA:76,0
DA:77,0
DA:81,0
DA:82,0
DA:83,0
DA:85,0
DA:86,0
DA:93,0
DA:94,0
DA:95,0
DA:99,0
DA:102,0
DA:105,0
DA:106,0
DA:119,0
DA:121,0
DA:123,0
DA:125,0
DA:127,0
DA:128,0
DA:130,0
DA:132,0
DA:133,0
DA:134,0
DA:136,0
DA:137,0
DA:142,0
DA:144,0
DA:145,0
DA:152,0
DA:154,0
DA:155,0
DA:162,0
DA:164,0
DA:165,0
DA:166,0
DA:167,0
DA:168,0
DA:169,0
DA:174,0
LF:42
LH:1
end_of_record
SF:lib\screens3\alimentos_falabella.dart
DA:8,1
DA:74,0
DA:76,0
DA:77,0
DA:81,0
DA:82,0
DA:83,0
DA:85,0
DA:86,0
DA:93,0
DA:94,0
DA:95,0
DA:99,0
DA:102,0
DA:105,0
DA:106,0
DA:119,0
DA:121,0
DA:123,0
DA:125,0
DA:127,0
DA:128,0
DA:130,0
DA:132,0
DA:133,0
DA:134,0
DA:136,0
DA:137,0
DA:142,0
DA:144,0
DA:145,0
DA:152,0
DA:154,0
DA:155,0
DA:162,0
DA:164,0
DA:165,0
DA:166,0
DA:167,0
DA:168,0
DA:169,0
DA:174,0
LF:42
LH:1
end_of_record
SF:lib\screens3\juguetes_falabella.dart
DA:8,1
DA:74,0
DA:76,0
DA:77,0
DA:81,0
DA:82,0
DA:83,0
DA:85,0
DA:86,0
DA:93,0
DA:94,0
DA:95,0
DA:99,0
DA:102,0
DA:105,0
DA:106,0
DA:119,0
DA:121,0
DA:123,0
DA:125,0
DA:127,0
DA:128,0
DA:130,0
DA:132,0
DA:133,0
DA:134,0
DA:136,0
DA:137,0
DA:142,0
DA:144,0
DA:145,0
DA:152,0
DA:154,0
DA:155,0
DA:162,0
DA:164,0
DA:165,0
DA:166,0
DA:167,0
DA:168,0
DA:169,0
DA:174,0
LF:42
LH:1
end_of_record
SF:lib\models\product.dart
DA:9,72
LF:1
LH:1
end_of_record
